Using pre-set license
Built from '2021.1/staging' branch; Version is '2021.1.3f1 (4bef613afd59) revision 4976481'; Using compiler version '192528614'; Build Type 'Release'
OS: 'Windows 10 Pro; OS build 19042.928; Version 2009; 64bit' Language: 'en' Physical Memory: 16299 MB
BatchMode: 1, IsHumanControllingUs: 0, StartBugReporterOnCrash: 0, Is64bit: 1, IsPro: 0

 COMMAND LINE ARGUMENTS:
D:\Program Files\Unity\Editor\2021.1.3f1\Editor\Unity.exe
-adb2
-batchMode
-noUpm
-name
AssetImportWorker0
-projectPath
D:/Ollie/Documents/Unity Projects/NewSnowboardTest
-logFile
Logs/AssetImportWorker0.log
-srvPort
64015
Successfully changed project path to: D:/Ollie/Documents/Unity Projects/NewSnowboardTest
D:/Ollie/Documents/Unity Projects/NewSnowboardTest
Using Asset Import Pipeline V2.
Refreshing native plugins compatible for Editor in 15.27 ms, found 0 plugins.
Preloading 0 native plugins for Editor in 0.00 ms.
Initialize engine version: 2021.1.3f1 (4bef613afd59)
[Subsystems] Discovering subsystems at path D:/Program Files/Unity/Editor/2021.1.3f1/Editor/Data/Resources/UnitySubsystems
[Subsystems] Discovering subsystems at path D:/Ollie/Documents/Unity Projects/NewSnowboardTest/Assets
GfxDevice: creating device client; threaded=0; jobified=0
Direct3D:
    Version:  Direct3D 11.0 [level 11.1]
    Renderer: NVIDIA GeForce GTX 1060 6GB (ID=0x1c03)
    Vendor:   NVIDIA
    VRAM:     6052 MB
    Driver:   27.21.14.6611
Initialize mono
Mono path[0] = 'D:/Program Files/Unity/Editor/2021.1.3f1/Editor/Data/Managed'
Mono path[1] = 'D:/Program Files/Unity/Editor/2021.1.3f1/Editor/Data/MonoBleedingEdge/lib/mono/unityjit'
Mono config path = 'D:/Program Files/Unity/Editor/2021.1.3f1/Editor/Data/MonoBleedingEdge/etc'
Using monoOptions --debugger-agent=transport=dt_socket,embedding=1,server=y,suspend=n,address=127.0.0.1:56724
Begin MonoManager ReloadAssembly
Registering precompiled unity dll's ...
Register platform support module: D:/Program Files/Unity/Editor/2021.1.3f1/Editor/Data/PlaybackEngines/WindowsStandaloneSupport/UnityEditor.WindowsStandalone.Extensions.dll
Registered in 0.000767 seconds.
Native extension for WindowsStandalone target not found
Refreshing native plugins compatible for Editor in 16.01 ms, found 0 plugins.
Preloading 0 native plugins for Editor in 0.00 ms.
Mono: successfully reloaded assembly
- Completed reload, in  0.799 seconds
Platform modules already initialized, skipping
Registering precompiled user dll's ...
Registered in 0.000360 seconds.
Begin MonoManager ReloadAssembly
Native extension for WindowsStandalone target not found
Refreshing native plugins compatible for Editor in 0.20 ms, found 0 plugins.
Preloading 0 native plugins for Editor in 0.00 ms.
Mono: successfully reloaded assembly
- Completed reload, in  0.789 seconds
Platform modules already initialized, skipping
========================================================================
Worker process is ready to serve import requests
Launched and connected shader compiler UnityShaderCompiler.exe after 0.06 seconds
Refreshing native plugins compatible for Editor in 0.19 ms, found 0 plugins.
Preloading 0 native plugins for Editor in 0.00 ms.
Unloading 1130 Unused Serialized files (Serialized files now loaded: 0)
System memory in use before: 60.2 MB.
System memory in use after: 60.3 MB.

Unloading 9 unused Assets to reduce memory usage. Loaded Objects now: 1589.
Total: 1.392600 ms (FindLiveObjects: 0.101100 ms CreateObjectMapping: 0.025800 ms MarkObjects: 1.226200 ms  DeleteObjects: 0.038900 ms)

========================================================================
Received Import Request.
  path: Assets/WheelTracks.cs
  artifactKey: Guid(7d77873b3a45f9e4fa472a79865863d2) Importer(815301076,1909f56bfc062723c751e8b465ee728b)
Start importing Assets/WheelTracks.cs using Guid(7d77873b3a45f9e4fa472a79865863d2) Importer(815301076,1909f56bfc062723c751e8b465ee728b)  -> (artifact id: '3b458dd4f4209574fb543696a9b0c1bd') in 0.022993 seconds 
========================================================================
Received Prepare
Registering precompiled user dll's ...
Registered in 0.000351 seconds.
Begin MonoManager ReloadAssembly
Native extension for WindowsStandalone target not found
Refreshing native plugins compatible for Editor in 0.19 ms, found 0 plugins.
Preloading 0 native plugins for Editor in 0.00 ms.
Mono: successfully reloaded assembly
- Completed reload, in  0.480 seconds
Platform modules already initialized, skipping
Refreshing native plugins compatible for Editor in 0.18 ms, found 0 plugins.
Preloading 0 native plugins for Editor in 0.00 ms.
Unloading 1121 Unused Serialized files (Serialized files now loaded: 0)
System memory in use before: 59.7 MB.
System memory in use after: 59.8 MB.

Unloading 4 unused Assets to reduce memory usage. Loaded Objects now: 1592.
Total: 1.451000 ms (FindLiveObjects: 0.102500 ms CreateObjectMapping: 0.026800 ms MarkObjects: 1.312000 ms  DeleteObjects: 0.008800 ms)

========================================================================
Received Import Request.
  Time since last request: 103.472916 seconds.
  path: Assets/Snow Mountain/Source/cubemap
  artifactKey: Guid(681a69b206251e342b20f07f9be2c573) Importer(815301076,1909f56bfc062723c751e8b465ee728b)
Start importing Assets/Snow Mountain/Source/cubemap using Guid(681a69b206251e342b20f07f9be2c573) Importer(815301076,1909f56bfc062723c751e8b465ee728b)  -> (artifact id: '9a070acc745df94a3989a1ff043327b0') in 0.016018 seconds 
========================================================================
Received Import Request.
  Time since last request: 41.071511 seconds.
  path: Assets/Snow Mountain/Source/fbx
  artifactKey: Guid(ab89d429ddd8e6a419b31b7d66fe45bf) Importer(815301076,1909f56bfc062723c751e8b465ee728b)
Start importing Assets/Snow Mountain/Source/fbx using Guid(ab89d429ddd8e6a419b31b7d66fe45bf) Importer(815301076,1909f56bfc062723c751e8b465ee728b)  -> (artifact id: '6ed2eca59146b7bb468d094f70ab4a5f') in 0.004203 seconds 
========================================================================
Received Import Request.
  Time since last request: 0.027831 seconds.
  path: Assets/Snow Mountain/Source/fbx/mountain_Snow_000.fbx
  artifactKey: Guid(edc40406f07f9cf4990807aa8b0fc368) Importer(815301076,1909f56bfc062723c751e8b465ee728b)
Start importing Assets/Snow Mountain/Source/fbx/mountain_Snow_000.fbx using Guid(edc40406f07f9cf4990807aa8b0fc368) Importer(815301076,1909f56bfc062723c751e8b465ee728b)  -> (artifact id: 'a43424125d479ed39ea7413be5a637d0') in 0.288034 seconds 
========================================================================
Received Import Request.
  Time since last request: 1.265324 seconds.
  path: Assets/Snow Mountain/Source/fbx/Materials
  artifactKey: Guid(1d4fd19e40b8c454cad63cae9aaf3608) Importer(815301076,1909f56bfc062723c751e8b465ee728b)
Start importing Assets/Snow Mountain/Source/fbx/Materials using Guid(1d4fd19e40b8c454cad63cae9aaf3608) Importer(815301076,1909f56bfc062723c751e8b465ee728b)  -> (artifact id: '5c06314350770d0bdb7cad8a93426fa1') in 0.004086 seconds 
========================================================================
Received Import Request.
  Time since last request: 0.025696 seconds.
  path: Assets/Snow Mountain/Source/fbx/Materials/defaultMat.mat
  artifactKey: Guid(5edd51db1a681f947a99246f5c23c923) Importer(815301076,1909f56bfc062723c751e8b465ee728b)
Start importing Assets/Snow Mountain/Source/fbx/Materials/defaultMat.mat using Guid(5edd51db1a681f947a99246f5c23c923) Importer(815301076,1909f56bfc062723c751e8b465ee728b)  -> (artifact id: 'c7655c0e5085a99ce5d6e564e52da564') in 0.019990 seconds 
========================================================================
Received Import Request.
  Time since last request: 4.176893 seconds.
  path: Assets/Snow Mountain/Materials/mountain_Snow_000.mat
  artifactKey: Guid(0060a88cd6252a146aeb6a9652d03869) Importer(815301076,1909f56bfc062723c751e8b465ee728b)
Start importing Assets/Snow Mountain/Materials/mountain_Snow_000.mat using Guid(0060a88cd6252a146aeb6a9652d03869) Importer(815301076,1909f56bfc062723c751e8b465ee728b)  -> (artifact id: 'd57c628c909256997242071d9deb76c8') in 0.116674 seconds 
========================================================================
Received Prepare
Registering precompiled user dll's ...
Registered in 0.000341 seconds.
Begin MonoManager ReloadAssembly
Native extension for WindowsStandalone target not found
Refreshing native plugins compatible for Editor in 0.19 ms, found 0 plugins.
Preloading 0 native plugins for Editor in 0.00 ms.
Mono: successfully reloaded assembly
- Completed reload, in  0.478 seconds
Platform modules already initialized, skipping
Refreshing native plugins compatible for Editor in 0.18 ms, found 0 plugins.
Preloading 0 native plugins for Editor in 0.00 ms.
Unloading 1121 Unused Serialized files (Serialized files now loaded: 0)
System memory in use before: 63.9 MB.
System memory in use after: 64.0 MB.

Unloading 4 unused Assets to reduce memory usage. Loaded Objects now: 1638.
Total: 1.285700 ms (FindLiveObjects: 0.103500 ms CreateObjectMapping: 0.031800 ms MarkObjects: 1.141000 ms  DeleteObjects: 0.008900 ms)

========================================================================
Received Import Request.
  Time since last request: 1421.027713 seconds.
  path: Assets/old/New Physic Material.physicMaterial
  artifactKey: Guid(3693f6717d563c44eb8d4819d4d50ea8) Importer(815301076,1909f56bfc062723c751e8b465ee728b)
Start importing Assets/old/New Physic Material.physicMaterial using Guid(3693f6717d563c44eb8d4819d4d50ea8) Importer(815301076,1909f56bfc062723c751e8b465ee728b)  -> (artifact id: '5312bc544d10047cbc33d4624d6abf46') in 0.013673 seconds 
========================================================================
Received Prepare
Registering precompiled user dll's ...
Registered in 0.000424 seconds.
Begin MonoManager ReloadAssembly
Native extension for WindowsStandalone target not found
Refreshing native plugins compatible for Editor in 0.19 ms, found 0 plugins.
Preloading 0 native plugins for Editor in 0.00 ms.
Mono: successfully reloaded assembly
- Completed reload, in  0.473 seconds
Platform modules already initialized, skipping
Refreshing native plugins compatible for Editor in 0.18 ms, found 0 plugins.
Preloading 0 native plugins for Editor in 0.00 ms.
Unloading 1121 Unused Serialized files (Serialized files now loaded: 0)
System memory in use before: 63.9 MB.
System memory in use after: 64.0 MB.

Unloading 4 unused Assets to reduce memory usage. Loaded Objects now: 1641.
Total: 1.374700 ms (FindLiveObjects: 0.108600 ms CreateObjectMapping: 0.036700 ms MarkObjects: 1.220500 ms  DeleteObjects: 0.008300 ms)

========================================================================
Received Prepare
Registering precompiled user dll's ...
Registered in 0.000345 seconds.
Begin MonoManager ReloadAssembly
Native extension for WindowsStandalone target not found
Refreshing native plugins compatible for Editor in 0.19 ms, found 0 plugins.
Preloading 0 native plugins for Editor in 0.00 ms.
Mono: successfully reloaded assembly
- Completed reload, in  0.485 seconds
Platform modules already initialized, skipping
Refreshing native plugins compatible for Editor in 0.19 ms, found 0 plugins.
Preloading 0 native plugins for Editor in 0.00 ms.
Unloading 1121 Unused Serialized files (Serialized files now loaded: 0)
System memory in use before: 63.9 MB.
System memory in use after: 64.0 MB.

Unloading 4 unused Assets to reduce memory usage. Loaded Objects now: 1644.
Total: 1.945500 ms (FindLiveObjects: 0.190600 ms CreateObjectMapping: 0.055500 ms MarkObjects: 1.684900 ms  DeleteObjects: 0.013500 ms)

========================================================================
Received Prepare
Registering precompiled user dll's ...
Registered in 0.000355 seconds.
Begin MonoManager ReloadAssembly
Native extension for WindowsStandalone target not found
Refreshing native plugins compatible for Editor in 0.18 ms, found 0 plugins.
Preloading 0 native plugins for Editor in 0.00 ms.
Mono: successfully reloaded assembly
- Completed reload, in  0.480 seconds
Platform modules already initialized, skipping
Refreshing native plugins compatible for Editor in 0.18 ms, found 0 plugins.
Preloading 0 native plugins for Editor in 0.00 ms.
Unloading 1121 Unused Serialized files (Serialized files now loaded: 0)
System memory in use before: 63.9 MB.
System memory in use after: 64.0 MB.

Unloading 4 unused Assets to reduce memory usage. Loaded Objects now: 1647.
Total: 1.420900 ms (FindLiveObjects: 0.105100 ms CreateObjectMapping: 0.028800 ms MarkObjects: 1.276500 ms  DeleteObjects: 0.009800 ms)

========================================================================
Received Import Request.
  Time since last request: 1536.102918 seconds.
  path: ProjectSettings/TagManager.asset
  artifactKey: Guid(00000000000000003000000000000000) Importer(815301076,1909f56bfc062723c751e8b465ee728b)
Start importing ProjectSettings/TagManager.asset using Guid(00000000000000003000000000000000) Importer(815301076,1909f56bfc062723c751e8b465ee728b)  -> (artifact id: '8130b89a7be9dfebf8dc0b8a52da89be') in 0.011751 seconds 
========================================================================
Received Prepare
Registering precompiled user dll's ...
Registered in 0.000336 seconds.
Begin MonoManager ReloadAssembly
Native extension for WindowsStandalone target not found
Refreshing native plugins compatible for Editor in 0.20 ms, found 0 plugins.
Preloading 0 native plugins for Editor in 0.00 ms.
Mono: successfully reloaded assembly
- Completed reload, in  0.481 seconds
Platform modules already initialized, skipping
Refreshing native plugins compatible for Editor in 0.18 ms, found 0 plugins.
Preloading 0 native plugins for Editor in 0.00 ms.
Unloading 1121 Unused Serialized files (Serialized files now loaded: 0)
System memory in use before: 63.9 MB.
System memory in use after: 64.0 MB.

Unloading 5 unused Assets to reduce memory usage. Loaded Objects now: 1650.
Total: 1.479600 ms (FindLiveObjects: 0.101800 ms CreateObjectMapping: 0.030200 ms MarkObjects: 1.337400 ms  DeleteObjects: 0.009400 ms)

========================================================================
Received Prepare
Registering precompiled user dll's ...
Registered in 0.000341 seconds.
Begin MonoManager ReloadAssembly
Native extension for WindowsStandalone target not found
Refreshing native plugins compatible for Editor in 0.18 ms, found 0 plugins.
Preloading 0 native plugins for Editor in 0.00 ms.
Mono: successfully reloaded assembly
- Completed reload, in  0.492 seconds
Platform modules already initialized, skipping
Refreshing native plugins compatible for Editor in 0.18 ms, found 0 plugins.
Preloading 0 native plugins for Editor in 0.00 ms.
Unloading 1121 Unused Serialized files (Serialized files now loaded: 0)
System memory in use before: 63.9 MB.
System memory in use after: 64.0 MB.

Unloading 4 unused Assets to reduce memory usage. Loaded Objects now: 1653.
Total: 1.429600 ms (FindLiveObjects: 0.140600 ms CreateObjectMapping: 0.028300 ms MarkObjects: 1.249500 ms  DeleteObjects: 0.010400 ms)

========================================================================
Received Prepare
Registering precompiled user dll's ...
Registered in 0.000434 seconds.
Begin MonoManager ReloadAssembly
Native extension for WindowsStandalone target not found
Refreshing native plugins compatible for Editor in 0.19 ms, found 0 plugins.
Preloading 0 native plugins for Editor in 0.00 ms.
Mono: successfully reloaded assembly
- Completed reload, in  0.483 seconds
Platform modules already initialized, skipping
Refreshing native plugins compatible for Editor in 0.18 ms, found 0 plugins.
Preloading 0 native plugins for Editor in 0.00 ms.
Unloading 1121 Unused Serialized files (Serialized files now loaded: 0)
System memory in use before: 63.9 MB.
System memory in use after: 64.0 MB.

Unloading 4 unused Assets to reduce memory usage. Loaded Objects now: 1656.
Total: 1.321700 ms (FindLiveObjects: 0.113400 ms CreateObjectMapping: 0.032600 ms MarkObjects: 1.166100 ms  DeleteObjects: 0.008900 ms)

========================================================================
Received Prepare
Registering precompiled user dll's ...
Registered in 0.000363 seconds.
Begin MonoManager ReloadAssembly
Native extension for WindowsStandalone target not found
Refreshing native plugins compatible for Editor in 0.18 ms, found 0 plugins.
Preloading 0 native plugins for Editor in 0.00 ms.
Mono: successfully reloaded assembly
- Completed reload, in  0.466 seconds
Platform modules already initialized, skipping
Refreshing native plugins compatible for Editor in 0.19 ms, found 0 plugins.
Preloading 0 native plugins for Editor in 0.00 ms.
Unloading 1121 Unused Serialized files (Serialized files now loaded: 0)
System memory in use before: 64.0 MB.
System memory in use after: 64.1 MB.

Unloading 4 unused Assets to reduce memory usage. Loaded Objects now: 1659.
Total: 1.413300 ms (FindLiveObjects: 0.109100 ms CreateObjectMapping: 0.026500 ms MarkObjects: 1.266400 ms  DeleteObjects: 0.010800 ms)

========================================================================
Received Import Request.
  Time since last request: 439.874156 seconds.
  path: Assets/Snowtracks.mat
  artifactKey: Guid(76b1704647b60fa4ebb4180e86dc447c) Importer(815301076,1909f56bfc062723c751e8b465ee728b)
Start importing Assets/Snowtracks.mat using Guid(76b1704647b60fa4ebb4180e86dc447c) Importer(815301076,1909f56bfc062723c751e8b465ee728b)  -> (artifact id: 'd9b089e0a5a03691b8d8f5237993aeed') in 0.050009 seconds 
========================================================================
Received Prepare
Registering precompiled user dll's ...
Registered in 0.000393 seconds.
Begin MonoManager ReloadAssembly
Native extension for WindowsStandalone target not found
Refreshing native plugins compatible for Editor in 0.19 ms, found 0 plugins.
Preloading 0 native plugins for Editor in 0.00 ms.
Mono: successfully reloaded assembly
- Completed reload, in  0.473 seconds
Platform modules already initialized, skipping
Refreshing native plugins compatible for Editor in 0.18 ms, found 0 plugins.
Preloading 0 native plugins for Editor in 0.00 ms.
Unloading 1121 Unused Serialized files (Serialized files now loaded: 0)
System memory in use before: 64.0 MB.
System memory in use after: 64.1 MB.

Unloading 4 unused Assets to reduce memory usage. Loaded Objects now: 1663.
Total: 1.612500 ms (FindLiveObjects: 0.123200 ms CreateObjectMapping: 0.032600 ms MarkObjects: 1.445900 ms  DeleteObjects: 0.010100 ms)

========================================================================
Received Prepare
Registering precompiled user dll's ...
Registered in 0.000340 seconds.
Begin MonoManager ReloadAssembly
Native extension for WindowsStandalone target not found
Refreshing native plugins compatible for Editor in 0.19 ms, found 0 plugins.
Preloading 0 native plugins for Editor in 0.00 ms.
Mono: successfully reloaded assembly
- Completed reload, in  0.481 seconds
Platform modules already initialized, skipping
Refreshing native plugins compatible for Editor in 0.18 ms, found 0 plugins.
Preloading 0 native plugins for Editor in 0.00 ms.
Unloading 1121 Unused Serialized files (Serialized files now loaded: 0)
System memory in use before: 64.0 MB.
System memory in use after: 64.1 MB.

Unloading 4 unused Assets to reduce memory usage. Loaded Objects now: 1666.
Total: 1.423500 ms (FindLiveObjects: 0.106000 ms CreateObjectMapping: 0.029300 ms MarkObjects: 1.278300 ms  DeleteObjects: 0.009400 ms)

========================================================================
Received Prepare
Registering precompiled user dll's ...
Registered in 0.000349 seconds.
Begin MonoManager ReloadAssembly
Native extension for WindowsStandalone target not found
Refreshing native plugins compatible for Editor in 0.21 ms, found 0 plugins.
Preloading 0 native plugins for Editor in 0.00 ms.
Mono: successfully reloaded assembly
- Completed reload, in  0.475 seconds
Platform modules already initialized, skipping
Refreshing native plugins compatible for Editor in 0.19 ms, found 0 plugins.
Preloading 0 native plugins for Editor in 0.00 ms.
Unloading 1121 Unused Serialized files (Serialized files now loaded: 0)
System memory in use before: 64.0 MB.
System memory in use after: 64.1 MB.

Unloading 4 unused Assets to reduce memory usage. Loaded Objects now: 1669.
Total: 1.370400 ms (FindLiveObjects: 0.116600 ms CreateObjectMapping: 0.036900 ms MarkObjects: 1.206000 ms  DeleteObjects: 0.010400 ms)

========================================================================
Received Prepare
Registering precompiled user dll's ...
Registered in 0.000375 seconds.
Begin MonoManager ReloadAssembly
Native extension for WindowsStandalone target not found
Refreshing native plugins compatible for Editor in 0.18 ms, found 0 plugins.
Preloading 0 native plugins for Editor in 0.00 ms.
Mono: successfully reloaded assembly
- Completed reload, in  0.470 seconds
Platform modules already initialized, skipping
Refreshing native plugins compatible for Editor in 0.18 ms, found 0 plugins.
Preloading 0 native plugins for Editor in 0.00 ms.
Unloading 1121 Unused Serialized files (Serialized files now loaded: 0)
System memory in use before: 64.0 MB.
System memory in use after: 64.1 MB.

Unloading 4 unused Assets to reduce memory usage. Loaded Objects now: 1672.
Total: 1.481800 ms (FindLiveObjects: 0.178300 ms CreateObjectMapping: 0.030000 ms MarkObjects: 1.263300 ms  DeleteObjects: 0.009300 ms)

========================================================================
Received Prepare
Registering precompiled user dll's ...
Registered in 0.000351 seconds.
Begin MonoManager ReloadAssembly
Native extension for WindowsStandalone target not found
Refreshing native plugins compatible for Editor in 0.21 ms, found 0 plugins.
Preloading 0 native plugins for Editor in 0.00 ms.
Mono: successfully reloaded assembly
- Completed reload, in  0.465 seconds
Platform modules already initialized, skipping
Refreshing native plugins compatible for Editor in 0.18 ms, found 0 plugins.
Preloading 0 native plugins for Editor in 0.00 ms.
Unloading 1121 Unused Serialized files (Serialized files now loaded: 0)
System memory in use before: 64.0 MB.
System memory in use after: 64.1 MB.

Unloading 4 unused Assets to reduce memory usage. Loaded Objects now: 1675.
Total: 1.500900 ms (FindLiveObjects: 0.117000 ms CreateObjectMapping: 0.034200 ms MarkObjects: 1.340500 ms  DeleteObjects: 0.008600 ms)

========================================================================
Received Prepare
Registering precompiled user dll's ...
Registered in 0.000371 seconds.
Begin MonoManager ReloadAssembly
Native extension for WindowsStandalone target not found
Refreshing native plugins compatible for Editor in 0.19 ms, found 0 plugins.
Preloading 0 native plugins for Editor in 0.00 ms.
Mono: successfully reloaded assembly
- Completed reload, in  0.469 seconds
Platform modules already initialized, skipping
Refreshing native plugins compatible for Editor in 0.17 ms, found 0 plugins.
Preloading 0 native plugins for Editor in 0.00 ms.
Unloading 1121 Unused Serialized files (Serialized files now loaded: 0)
System memory in use before: 64.0 MB.
System memory in use after: 64.1 MB.

Unloading 4 unused Assets to reduce memory usage. Loaded Objects now: 1678.
Total: 1.223700 ms (FindLiveObjects: 0.109600 ms CreateObjectMapping: 0.024500 ms MarkObjects: 1.080300 ms  DeleteObjects: 0.008600 ms)

========================================================================
Received Import Request.
  Time since last request: 665.683931 seconds.
  path: Assets/testsplatmap.png
  artifactKey: Guid(203246c72e7cbcb45b68e0f10a947db7) Importer(815301076,1909f56bfc062723c751e8b465ee728b)
Start importing Assets/testsplatmap.png using Guid(203246c72e7cbcb45b68e0f10a947db7) Importer(815301076,1909f56bfc062723c751e8b465ee728b)  -> (artifact id: '28ff4013164dc52937342fd4873c689d') in 0.122724 seconds 
========================================================================
Received Prepare
Registering precompiled user dll's ...
Registered in 0.000418 seconds.
Begin MonoManager ReloadAssembly
Native extension for WindowsStandalone target not found
Refreshing native plugins compatible for Editor in 0.19 ms, found 0 plugins.
Preloading 0 native plugins for Editor in 0.00 ms.
Mono: successfully reloaded assembly
- Completed reload, in  0.473 seconds
Platform modules already initialized, skipping
Refreshing native plugins compatible for Editor in 0.18 ms, found 0 plugins.
Preloading 0 native plugins for Editor in 0.00 ms.
Unloading 1122 Unused Serialized files (Serialized files now loaded: 0)
System memory in use before: 65.1 MB.
System memory in use after: 65.2 MB.

Unloading 4 unused Assets to reduce memory usage. Loaded Objects now: 1697.
Total: 1.291200 ms (FindLiveObjects: 0.113200 ms CreateObjectMapping: 0.026700 ms MarkObjects: 1.141100 ms  DeleteObjects: 0.009500 ms)

========================================================================
Received Import Request.
  Time since last request: 601.197716 seconds.
  path: Assets/Showfall.shader
  artifactKey: Guid(03b4c7195d57fee4d868705eb1f4593f) Importer(815301076,1909f56bfc062723c751e8b465ee728b)
Start importing Assets/Showfall.shader using Guid(03b4c7195d57fee4d868705eb1f4593f) Importer(815301076,1909f56bfc062723c751e8b465ee728b)  -> (artifact id: '0a1688e5e451992c7682e1b25c5fea71') in 0.012909 seconds 
========================================================================
Received Import Request.
  Time since last request: 435.073663 seconds.
  path: Assets/Showfall.shader
  artifactKey: Guid(03b4c7195d57fee4d868705eb1f4593f) Importer(815301076,1909f56bfc062723c751e8b465ee728b)
Start importing Assets/Showfall.shader using Guid(03b4c7195d57fee4d868705eb1f4593f) Importer(815301076,1909f56bfc062723c751e8b465ee728b)  -> (artifact id: '8d26287a98ac585f06512fe4520242e5') in 0.002066 seconds 
========================================================================
Received Import Request.
  Time since last request: 16.391603 seconds.
  path: Assets/SnowNoise.cs
  artifactKey: Guid(3f199ff2f7429354587121cec7d49ca5) Importer(815301076,1909f56bfc062723c751e8b465ee728b)
Start importing Assets/SnowNoise.cs using Guid(3f199ff2f7429354587121cec7d49ca5) Importer(815301076,1909f56bfc062723c751e8b465ee728b)  -> (artifact id: '14cc265db39e928542d93efbb4d3b3b8') in 0.005576 seconds 
========================================================================
Received Import Request.
  Time since last request: 189.575575 seconds.
  path: Assets/SnowNoise.cs
  artifactKey: Guid(3f199ff2f7429354587121cec7d49ca5) Importer(815301076,1909f56bfc062723c751e8b465ee728b)
Start importing Assets/SnowNoise.cs using Guid(3f199ff2f7429354587121cec7d49ca5) Importer(815301076,1909f56bfc062723c751e8b465ee728b)  -> (artifact id: 'fe8d6975d7e90614c0c136214e5ff002') in 0.001446 seconds 
========================================================================
Received Import Request.
  Time since last request: 48.224949 seconds.
  path: Assets/SnowNoise.cs
  artifactKey: Guid(3f199ff2f7429354587121cec7d49ca5) Importer(815301076,1909f56bfc062723c751e8b465ee728b)
Start importing Assets/SnowNoise.cs using Guid(3f199ff2f7429354587121cec7d49ca5) Importer(815301076,1909f56bfc062723c751e8b465ee728b)  -> (artifact id: 'edc5f0347d33b0838398d8c12784075c') in 0.001493 seconds 
========================================================================
Received Import Request.
  Time since last request: 206.971021 seconds.
  path: Assets/SnowNoise.cs
  artifactKey: Guid(3f199ff2f7429354587121cec7d49ca5) Importer(815301076,1909f56bfc062723c751e8b465ee728b)
Start importing Assets/SnowNoise.cs using Guid(3f199ff2f7429354587121cec7d49ca5) Importer(815301076,1909f56bfc062723c751e8b465ee728b)  -> (artifact id: '2047f98e06617ba5fcbda94bf498348e') in 0.001384 seconds 
========================================================================
Received Prepare
Registering precompiled user dll's ...
Registered in 0.000381 seconds.
Begin MonoManager ReloadAssembly
Native extension for WindowsStandalone target not found
Refreshing native plugins compatible for Editor in 0.19 ms, found 0 plugins.
Preloading 0 native plugins for Editor in 0.00 ms.
Mono: successfully reloaded assembly
- Completed reload, in  0.493 seconds
Platform modules already initialized, skipping
Refreshing native plugins compatible for Editor in 0.18 ms, found 0 plugins.
Preloading 0 native plugins for Editor in 0.00 ms.
Unloading 1123 Unused Serialized files (Serialized files now loaded: 0)
System memory in use before: 65.4 MB.
System memory in use after: 65.5 MB.

Unloading 5 unused Assets to reduce memory usage. Loaded Objects now: 1701.
Total: 1.460600 ms (FindLiveObjects: 0.122300 ms CreateObjectMapping: 0.034600 ms MarkObjects: 1.269900 ms  DeleteObjects: 0.033100 ms)

========================================================================
Received Import Request.
  Time since last request: 118.933610 seconds.
  path: Assets/Snowtracks.mat
  artifactKey: Guid(76b1704647b60fa4ebb4180e86dc447c) Importer(815301076,1909f56bfc062723c751e8b465ee728b)
Start importing Assets/Snowtracks.mat using Guid(76b1704647b60fa4ebb4180e86dc447c) Importer(815301076,1909f56bfc062723c751e8b465ee728b)  -> (artifact id: 'd273fc0d0fc1403558aca3b0c4cc63eb') in 0.037130 seconds 
========================================================================
Received Prepare
Registering precompiled user dll's ...
Registered in 0.000365 seconds.
Begin MonoManager ReloadAssembly
Native extension for WindowsStandalone target not found
Refreshing native plugins compatible for Editor in 0.19 ms, found 0 plugins.
Preloading 0 native plugins for Editor in 0.00 ms.
Mono: successfully reloaded assembly
- Completed reload, in  0.503 seconds
Platform modules already initialized, skipping
Refreshing native plugins compatible for Editor in 0.19 ms, found 0 plugins.
Preloading 0 native plugins for Editor in 0.00 ms.
Unloading 1123 Unused Serialized files (Serialized files now loaded: 0)
System memory in use before: 65.4 MB.
System memory in use after: 65.5 MB.

Unloading 5 unused Assets to reduce memory usage. Loaded Objects now: 1705.
Total: 1.485900 ms (FindLiveObjects: 0.112700 ms CreateObjectMapping: 0.032800 ms MarkObjects: 1.306700 ms  DeleteObjects: 0.033200 ms)

========================================================================
Received Prepare
Registering precompiled user dll's ...
Registered in 0.000378 seconds.
Begin MonoManager ReloadAssembly
Native extension for WindowsStandalone target not found
Refreshing native plugins compatible for Editor in 0.18 ms, found 0 plugins.
Preloading 0 native plugins for Editor in 0.00 ms.
Mono: successfully reloaded assembly
- Completed reload, in  0.468 seconds
Platform modules already initialized, skipping
Refreshing native plugins compatible for Editor in 0.20 ms, found 0 plugins.
Preloading 0 native plugins for Editor in 0.00 ms.
Unloading 1123 Unused Serialized files (Serialized files now loaded: 0)
System memory in use before: 65.4 MB.
System memory in use after: 65.5 MB.

Unloading 5 unused Assets to reduce memory usage. Loaded Objects now: 1708.
Total: 1.398100 ms (FindLiveObjects: 0.120700 ms CreateObjectMapping: 0.027600 ms MarkObjects: 1.204100 ms  DeleteObjects: 0.045000 ms)

========================================================================
Received Prepare
Registering precompiled user dll's ...
Registered in 0.000356 seconds.
Begin MonoManager ReloadAssembly
Native extension for WindowsStandalone target not found
Refreshing native plugins compatible for Editor in 0.19 ms, found 0 plugins.
Preloading 0 native plugins for Editor in 0.00 ms.
Mono: successfully reloaded assembly
- Completed reload, in  0.474 seconds
Platform modules already initialized, skipping
Refreshing native plugins compatible for Editor in 0.18 ms, found 0 plugins.
Preloading 0 native plugins for Editor in 0.00 ms.
Unloading 1123 Unused Serialized files (Serialized files now loaded: 0)
System memory in use before: 65.4 MB.
System memory in use after: 65.5 MB.

Unloading 5 unused Assets to reduce memory usage. Loaded Objects now: 1711.
Total: 1.315000 ms (FindLiveObjects: 0.089800 ms CreateObjectMapping: 0.027800 ms MarkObjects: 1.169400 ms  DeleteObjects: 0.027300 ms)

AssetImportWorkerClient::OnTransportError - code=2 error=End of file
